<?xml version="1.0" encoding="UTF-8"?>
<!-- Generated by org.testng.reporters.JUnitReportReporter -->
<testsuite hostname="D-WA-026" failures="0" tests="2" name="Test.Main" time="117.997" errors="0" timestamp="2024-04-15T18:43:58 IST" skipped="0">
  <testcase classname="Test.Main" name="main" time="117.996"/>
  <testcase classname="Test.Main" name="print" time="0.001"/>
</testsuite> <!-- Test.Main -->
