<?xml version="1.0" encoding="UTF-8"?>
<!-- Generated by org.testng.reporters.JUnitReportReporter -->
<testsuite hostname="D-WA-026" failures="0" tests="2" name="Test.Main" time="18.715" errors="0" timestamp="2024-02-22T15:40:45 IST" skipped="0">
  <testcase classname="Test.Main" name="print" time="0.001"/>
  <testcase classname="Test.Main" name="main" time="18.714"/>
</testsuite> <!-- Test.Main -->
