<?xml version="1.0" encoding="UTF-8"?>
<!-- Generated by org.testng.reporters.JUnitReportReporter -->
<testsuite hostname="D-WA-026" failures="0" tests="2" name="Main" time="17.397" errors="0" timestamp="2024-02-22T15:14:04 IST" skipped="0">
  <testcase classname="Main" name="main" time="17.396"/>
  <testcase classname="Main" name="print" time="0.001"/>
</testsuite> <!-- Main -->
