<?xml version="1.0" encoding="UTF-8"?>
<!-- Generated by org.testng.reporters.JUnitReportReporter -->
<testsuite hostname="D-WA-026" failures="0" tests="1" name="Testcase" time="84.299" errors="0" timestamp="2024-04-18T18:47:28 IST" skipped="0">
  <testcase classname="Testcase" name="uploadFile" time="84.299"/>
  <system-out/>
</testsuite> <!-- Testcase -->
