<?xml version="1.0" encoding="UTF-8"?>
<!-- Generated by org.testng.reporters.JUnitReportReporter -->
<testsuite hostname="pramit" failures="0" tests="1" name="com.cpnc.CPnCAddFeedback.AddFeedback" time="2.931" errors="0" timestamp="2024-06-15T19:13:21 IST" skipped="0">
  <testcase classname="com.cpnc.CPnCAddFeedback.AddFeedback" name="addFeedback" time="2.931"/>
  <system-out/>
</testsuite> <!-- com.cpnc.CPnCAddFeedback.AddFeedback -->
