<?xml version="1.0" encoding="UTF-8"?>
<!-- Generated by org.testng.reporters.JUnitReportReporter -->
<testsuite hostname="D-WA-026" failures="0" tests="2" name="com.cpnc.CPnC.Driver" time="137.937" errors="0" timestamp="2024-06-19T16:56:30 IST" skipped="0">
  <testcase classname="com.cpnc.CPnC.Driver" name="login" time="68.749"/>
  <system-out/>
  <testcase classname="com.cpnc.CPnC.Driver" name="login" time="69.188"/>
  <system-out/>
</testsuite> <!-- com.cpnc.CPnC.Driver -->
