<?xml version="1.0" encoding="UTF-8"?>
<!-- Generated by org.testng.reporters.JUnitReportReporter -->
<testsuite hostname="pramit" failures="0" tests="1" name="com.cpnc.CPnC.Driver" time="52.382" errors="0" timestamp="2024-06-15T17:30:18 IST" skipped="0">
  <testcase classname="com.cpnc.CPnC.Driver" name="login" time="52.382"/>
  <system-out/>
</testsuite> <!-- com.cpnc.CPnC.Driver -->
