<?xml version="1.0" encoding="UTF-8"?>
<!-- Generated by org.testng.reporters.JUnitReportReporter -->
<testsuite hostname="D-WA-026" failures="0" tests="1" name="com.cpnc.CPnC.Driver" time="68.083" errors="0" timestamp="2024-06-17T17:30:20 IST" skipped="0">
  <testcase classname="com.cpnc.CPnC.Driver" name="login" time="68.083"/>
  <system-out/>
</testsuite> <!-- com.cpnc.CPnC.Driver -->
