<?xml version="1.0" encoding="UTF-8"?>
<!-- Generated by org.testng.reporters.JUnitReportReporter -->
<testsuite hostname="pramit" failures="0" tests="2" name="com.cpnc.CPnC.Driver" time="104.416" errors="0" timestamp="2024-06-18T19:23:43 IST" skipped="0">
  <testcase classname="com.cpnc.CPnC.Driver" name="login" time="52.604"/>
  <system-out/>
  <testcase classname="com.cpnc.CPnC.Driver" name="login" time="51.812"/>
  <system-out/>
</testsuite> <!-- com.cpnc.CPnC.Driver -->
