<?xml version="1.0" encoding="UTF-8"?>
<!-- Generated by org.testng.reporters.JUnitReportReporter -->
<testsuite hostname="D-WA-026" failures="0" tests="5" name="com.cpnc.CPnCAddFeedback.AddFeedback" time="12.253" errors="0" timestamp="2024-06-17T14:01:47 IST" skipped="0">
  <testcase classname="com.cpnc.CPnCAddFeedback.AddFeedback" name="addFeedback" time="1.927"/>
  <system-out/>
  <testcase classname="com.cpnc.CPnCAddFeedback.AddFeedback" name="addFeedback" time="1.901"/>
  <system-out/>
  <testcase classname="com.cpnc.CPnCAddFeedback.AddFeedback" name="addFeedback" time="4.529"/>
  <system-out/>
  <testcase classname="com.cpnc.CPnCAddFeedback.AddFeedback" name="addFeedback" time="1.965"/>
  <system-out/>
  <testcase classname="com.cpnc.CPnCAddFeedback.AddFeedback" name="addFeedback" time="1.931"/>
  <system-out/>
</testsuite> <!-- com.cpnc.CPnCAddFeedback.AddFeedback -->
