<?xml version="1.0" encoding="UTF-8"?>
<!-- Generated by org.testng.reporters.JUnitReportReporter -->
<testsuite hostname="pramit" failures="0" tests="2" name="com.cpnc.CPnC.Driver" time="101.541" errors="0" timestamp="2024-06-18T14:51:16 IST" skipped="0">
  <testcase classname="com.cpnc.CPnC.Driver" name="login" time="52.511"/>
  <system-out/>
  <testcase classname="com.cpnc.CPnC.Driver" name="login" time="49.030"/>
  <system-out/>
</testsuite> <!-- com.cpnc.CPnC.Driver -->
