<?xml version="1.0" encoding="UTF-8"?>
<!-- Generated by org.testng.reporters.JUnitReportReporter -->
<testsuite hostname="D-WA-026" failures="0" tests="1" name="demo.Testing" time="40.209" errors="0" timestamp="2024-02-26T19:21:08 IST" skipped="0">
  <testcase classname="demo.Testing" name="getLocation" time="40.209"/>
</testsuite> <!-- demo.Testing -->
