<?xml version="1.0" encoding="UTF-8"?>
<!-- Generated by org.testng.reporters.JUnitReportReporter -->
<testsuite hostname="D-WA-026" failures="0" tests="2" name="rahulshettyacademyShopping.website.Tests.StandAloneTest2" time="46.763" errors="0" timestamp="2024-02-19T15:57:01 IST" skipped="0">
  <testcase classname="rahulshettyacademyShopping.website.Tests.StandAloneTest2" name="submitOrder" time="33.073"/>
  <testcase classname="rahulshettyacademyShopping.website.Tests.StandAloneTest2" name="orderHistry" time="13.690"/>
</testsuite> <!-- rahulshettyacademyShopping.website.Tests.StandAloneTest2 -->
