<?xml version="1.0" encoding="UTF-8"?>
<!-- Generated by org.testng.reporters.JUnitReportReporter -->
<testsuite hostname="pramit" failures="0" tests="4" name="rahulshettyacademyShopping.website.Tests.StandAloneTest" time="18.039" errors="0" timestamp="2024-02-20T10:54:39 IST" skipped="0">
  <testcase classname="rahulshettyacademyShopping.website.Tests.StandAloneTest" name="submitOrder" time="2.934"/>
  <testcase classname="rahulshettyacademyShopping.website.Tests.StandAloneTest" name="orderHistry" time="3.071"/>
  <testcase classname="rahulshettyacademyShopping.website.Tests.StandAloneTest" name="submitOrder" time="9.198"/>
  <testcase classname="rahulshettyacademyShopping.website.Tests.StandAloneTest" name="orderHistry" time="2.836"/>
</testsuite> <!-- rahulshettyacademyShopping.website.Tests.StandAloneTest -->
