<?xml version="1.0" encoding="UTF-8"?>
<!-- Generated by org.testng.reporters.JUnitReportReporter -->
<testsuite hostname="pramit" failures="0" tests="1" name="rahulshettyacademyShopping.website.Tests.StandAloneTest" time="11.415" errors="0" timestamp="2024-02-16T14:54:28 IST" skipped="0">
  <testcase classname="rahulshettyacademyShopping.website.Tests.StandAloneTest" name="submitOrder" time="11.415"/>
</testsuite> <!-- rahulshettyacademyShopping.website.Tests.StandAloneTest -->
